Unity Editor version:    2022.1.9f1 (07e076b6d414)
Branch:                  2022.1/staging
Build type:              Release
Batch mode:              YES
macOS version:           Version 12.5 (Build 21G72)
Darwin version:          21.6.0
Architecture:            x86_64
Running under Rosetta:   NO
Available memory:        16384 MB
Using pre-set license
Pro License: YES

COMMAND LINE ARGUMENTS:
/Applications/Unity/Hub/Editor/2022.1.9f1/Unity.app/Contents/MacOS/Unity
-adb2
-batchMode
-noUpm
-name
AssetImportWorker2
-projectPath
/Users/natalagusarova/Documents/MyDocuments/MyProjects/Games/Platformer/Platphormer
-logFile
Logs/AssetImportWorker2.log
-srvPort
49733
Successfully changed project path to: /Users/natalagusarova/Documents/MyDocuments/MyProjects/Games/Platformer/Platphormer
/Users/natalagusarova/Documents/MyDocuments/MyProjects/Games/Platformer/Platphormer
[UnityMemory] Configuration Parameters - Can be set up in boot.config
    "memorysetup-bucket-allocator-granularity=16"
    "memorysetup-bucket-allocator-bucket-count=8"
    "memorysetup-bucket-allocator-block-size=33554432"
    "memorysetup-bucket-allocator-block-count=8"
    "memorysetup-main-allocator-block-size=16777216"
    "memorysetup-thread-allocator-block-size=16777216"
    "memorysetup-gfx-main-allocator-block-size=16777216"
    "memorysetup-gfx-thread-allocator-block-size=16777216"
    "memorysetup-cache-allocator-block-size=4194304"
    "memorysetup-typetree-allocator-block-size=2097152"
    "memorysetup-profiler-bucket-allocator-granularity=16"
    "memorysetup-profiler-bucket-allocator-bucket-count=8"
    "memorysetup-profiler-bucket-allocator-block-size=33554432"
    "memorysetup-profiler-bucket-allocator-block-count=8"
    "memorysetup-profiler-allocator-block-size=16777216"
    "memorysetup-profiler-editor-allocator-block-size=1048576"
    "memorysetup-temp-allocator-size-main=16777216"
    "memorysetup-job-temp-allocator-block-size=2097152"
    "memorysetup-job-temp-allocator-block-size-background=1048576"
    "memorysetup-job-temp-allocator-reduction-small-platforms=262144"
    "memorysetup-temp-allocator-size-background-worker=32768"
    "memorysetup-temp-allocator-size-job-worker=262144"
    "memorysetup-temp-allocator-size-preload-manager=33554432"
    "memorysetup-temp-allocator-size-nav-mesh-worker=65536"
    "memorysetup-temp-allocator-size-audio-worker=65536"
    "memorysetup-temp-allocator-size-cloud-worker=32768"
    "memorysetup-temp-allocator-size-gi-baking-worker=262144"
    "memorysetup-temp-allocator-size-gfx=262144"
Refreshing native plugins compatible for Editor in 72.69 ms, found 3 plugins.
Preloading 0 native plugins for Editor in 0.00 ms.
Initialize engine version: 2022.1.9f1 (07e076b6d414)
[Subsystems] Discovering subsystems at path /Applications/Unity/Hub/Editor/2022.1.9f1/Unity.app/Contents/Resources/UnitySubsystems
[Subsystems] Discovering subsystems at path /Users/natalagusarova/Documents/MyDocuments/MyProjects/Games/Platformer/Platphormer/Assets
GfxDevice: creating device client; threaded=0; jobified=0
Color LCD preferred device: AMD Radeon Pro 5500M (high power)
Metal devices available: 2
0: AMD Radeon Pro 5500M (high power)
1: Intel(R) UHD Graphics 630 (low power)
Using device AMD Radeon Pro 5500M (high power)
Initializing Metal device caps: AMD Radeon Pro 5500M
Initialize mono
Mono path[0] = '/Applications/Unity/Hub/Editor/2022.1.9f1/Unity.app/Contents/Managed'
Mono path[1] = '/Applications/Unity/Hub/Editor/2022.1.9f1/Unity.app/Contents/MonoBleedingEdge/lib/mono/unityjit-macos'
Mono config path = '/Applications/Unity/Hub/Editor/2022.1.9f1/Unity.app/Contents/MonoBleedingEdge/etc'
Using monoOptions --debugger-agent=transport=dt_socket,embedding=1,server=y,suspend=n,address=127.0.0.1:56763
Begin MonoManager ReloadAssembly
Registering precompiled unity dll's ...
Register platform support module: /Applications/Unity/Hub/Editor/2022.1.9f1/PlaybackEngines/WebGLSupport/UnityEditor.WebGL.Extensions.dll
Register platform support module: /Applications/Unity/Hub/Editor/2022.1.9f1/Unity.app/Contents/PlaybackEngines/MacStandaloneSupport/UnityEditor.OSXStandalone.Extensions.dll
Register platform support module: /Applications/Unity/Hub/Editor/2022.1.9f1/PlaybackEngines/AndroidPlayer/UnityEditor.Android.Extensions.dll
Register platform support module: /Applications/Unity/Hub/Editor/2022.1.9f1/PlaybackEngines/iOSSupport/UnityEditor.iOS.Extensions.dll
Register platform support module: /Applications/Unity/Hub/Editor/2022.1.9f1/PlaybackEngines/AppleTVSupport/UnityEditor.AppleTV.Extensions.dll
Register platform support module: /Applications/Unity/Hub/Editor/2022.1.9f1/PlaybackEngines/WindowsStandaloneSupport/UnityEditor.WindowsStandalone.Extensions.dll
Register platform support module: /Applications/Unity/Hub/Editor/2022.1.9f1/PlaybackEngines/LinuxStandaloneSupport/UnityEditor.LinuxStandalone.Extensions.dll
Registered in 0.007345 seconds.
Native extension for LinuxStandalone target not found
Native extension for WindowsStandalone target not found
[usbmuxd] Start listen thread
[usbmuxd] Listen thread started
[usbmuxd] Send listen message
Native extension for AppleTV target not found
Native extension for iOS target not found
Native extension for Android target not found
Native extension for OSXStandalone target not found
Native extension for WebGL target not found
Refreshing native plugins compatible for Editor in 61.12 ms, found 3 plugins.
Preloading 0 native plugins for Editor in 0.00 ms.
Mono: successfully reloaded assembly
- Completed reload, in  1.199 seconds
Domain Reload Profiling:
	ReloadAssembly (1200ms)
		BeginReloadAssembly (165ms)
			ExecutionOrderSort (0ms)
			DisableScriptedObjects (0ms)
			BackupInstance (0ms)
			ReleaseScriptingObjects (0ms)
			CreateAndSetChildDomain (1ms)
		EndReloadAssembly (858ms)
			LoadAssemblies (173ms)
			RebuildTransferFunctionScriptingTraits (0ms)
			SetupTypeCache (245ms)
				TypeCache.Initialize (244ms)
					TypeCache.ScanAssembly (243ms)
				ResolveRequiredComponents (1ms)
			ReleaseScriptCaches (0ms)
			RebuildScriptCaches (54ms)
			SetupLoadedEditorAssemblies (469ms)
				LogAssemblyErrors (0ms)
				InitializePlatformSupportModulesInManaged (160ms)
				SetLoadedEditorAssemblies (11ms)
				RefreshPlugins (61ms)
				BeforeProcessingInitializeOnLoad (2ms)
				ProcessInitializeOnLoadAttributes (167ms)
				ProcessInitializeOnLoadMethodAttributes (67ms)
				AfterProcessingInitializeOnLoad (0ms)
				EditorAssembliesLoaded (0ms)
			ExecutionOrderSort2 (0ms)
			AwakeInstancesAfterBackupRestoration (0ms)
Platform modules already initialized, skipping
Registering precompiled user dll's ...
Registered in 0.008770 seconds.
Begin MonoManager ReloadAssembly
Native extension for LinuxStandalone target not found
Native extension for WindowsStandalone target not found
Native extension for AppleTV target not found
Native extension for iOS target not found
Native extension for Android target not found
Native extension for OSXStandalone target not found
Native extension for WebGL target not found
Refreshing native plugins compatible for Editor in 54.72 ms, found 3 plugins.
Preloading 0 native plugins for Editor in 0.00 ms.
Mono: successfully reloaded assembly
- Completed reload, in  1.751 seconds
Domain Reload Profiling:
	ReloadAssembly (1752ms)
		BeginReloadAssembly (289ms)
			ExecutionOrderSort (0ms)
			DisableScriptedObjects (9ms)
			BackupInstance (0ms)
			ReleaseScriptingObjects (1ms)
			CreateAndSetChildDomain (143ms)
		EndReloadAssembly (1288ms)
			LoadAssemblies (134ms)
			RebuildTransferFunctionScriptingTraits (1ms)
			SetupTypeCache (351ms)
				TypeCache.Initialize (346ms)
					TypeCache.ScanAssembly (342ms)
				ResolveRequiredComponents (6ms)
			ReleaseScriptCaches (7ms)
			RebuildScriptCaches (85ms)
			SetupLoadedEditorAssemblies (615ms)
				LogAssemblyErrors (0ms)
				InitializePlatformSupportModulesInManaged (38ms)
				SetLoadedEditorAssemblies (9ms)
				RefreshPlugins (55ms)
				BeforeProcessingInitializeOnLoad (86ms)
				ProcessInitializeOnLoadAttributes (367ms)
				ProcessInitializeOnLoadMethodAttributes (59ms)
				AfterProcessingInitializeOnLoad (1ms)
				EditorAssembliesLoaded (0ms)
			ExecutionOrderSort2 (0ms)
			AwakeInstancesAfterBackupRestoration (5ms)
Platform modules already initialized, skipping
========================================================================
Worker process is ready to serve import requests
Launching external process: /Applications/Unity/Hub/Editor/2022.1.9f1/Unity.app/Contents/Tools/UnityShaderCompiler
Launched and connected shader compiler UnityShaderCompiler after 0.08 seconds
Refreshing native plugins compatible for Editor in 0.59 ms, found 3 plugins.
Preloading 0 native plugins for Editor in 0.00 ms.
Unloading 2516 Unused Serialized files (Serialized files now loaded: 0)
Unloading 34 unused Assets / (45.7 KB). Loaded Objects now: 3000.
Memory consumption went from 0.52 GB to 0.52 GB.
Total: 4.552041 ms (FindLiveObjects: 0.267186 ms CreateObjectMapping: 0.281535 ms MarkObjects: 3.873737 ms  DeleteObjects: 0.128603 ms)

AssetImportParameters requested are different than current active one (requested -> active):
  custom:video-decoder-ogg-theora: a1e56fd34408186e4bbccfd4996cb3dc -> 
  custom:container-muxer-webm: aa71ff27fc2769a1b78a27578f13a17b -> 
  custom:container-demuxer-webm: 4f35f7cbe854078d1ac9338744f61a02 -> 
  custom:video-encoder-webm-vp8: eb34c28f22e8b96e1ab97ce403110664 -> 
  custom:framework-osx-AVFoundation: e770b220cccbd017edd2c1fefb359320 -> 
  custom:audio-encoder-webm-vorbis: bf7c407c2cedff20999df2af8eb42d56 -> 
  custom:container-demuxer-ogg: 62fdf1f143b41e24485cea50d1cbac27 -> 
  custom:video-decoder-webm-vp8: 9c59270c3fd7afecdb556c50c9e8de78 -> 
  custom:audio-decoder-ogg-vorbis: bf7c407c2cedff20999df2af8eb42d56 -> 
========================================================================
Received Import Request.
  Time since last request: 38638.172422 seconds.
  path: Assets/Scenes/2D/Prefabs/BoomEff.prefab
  artifactKey: Guid(e8f9df789cc217e4baeb7eaf2becbb11) Importer(815301076,1909f56bfc062723c751e8b465ee728b)
Start importing Assets/Scenes/2D/Prefabs/BoomEff.prefab using Guid(e8f9df789cc217e4baeb7eaf2becbb11) Importer(815301076,1909f56bfc062723c751e8b465ee728b)  -> (artifact id: '596dbd97b926d245152513c4e829e992') in 0.485219 seconds 
========================================================================
Received Import Request.
  Time since last request: 3.772264 seconds.
  path: Assets/Scenes/2D/Prefabs/Barriers
  artifactKey: Guid(8592c653e00218142a833af498185524) Importer(815301076,1909f56bfc062723c751e8b465ee728b)
Start importing Assets/Scenes/2D/Prefabs/Barriers using Guid(8592c653e00218142a833af498185524) Importer(815301076,1909f56bfc062723c751e8b465ee728b)  -> (artifact id: '2b7704c2f25ed8f8ddf566397cca6154') in 0.001039 seconds 
========================================================================
Received Import Request.
  Time since last request: 0.101874 seconds.
  path: Assets/Scenes/2D/Prefabs/Barriers/IcePillar.prefab
  artifactKey: Guid(3eae0b7b7a4c77744a4d54d8d46eaf1a) Importer(815301076,1909f56bfc062723c751e8b465ee728b)
Start importing Assets/Scenes/2D/Prefabs/Barriers/IcePillar.prefab using Guid(3eae0b7b7a4c77744a4d54d8d46eaf1a) Importer(815301076,1909f56bfc062723c751e8b465ee728b)  -> (artifact id: '09c5f3ca8455fb8ed5b8002c7cc4cd9e') in 0.040858 seconds 
========================================================================
Received Import Request.
  Time since last request: 17.394956 seconds.
  path: Assets/Scenes/2D/Prefabs/Barriers/IcePillar.prefab
  artifactKey: Guid(3eae0b7b7a4c77744a4d54d8d46eaf1a) Importer(815301076,1909f56bfc062723c751e8b465ee728b)
Start importing Assets/Scenes/2D/Prefabs/Barriers/IcePillar.prefab using Guid(3eae0b7b7a4c77744a4d54d8d46eaf1a) Importer(815301076,1909f56bfc062723c751e8b465ee728b)  -> (artifact id: '16353d8bf11db3b6eb3f4b7c1f493a3f') in 0.020028 seconds 
========================================================================
Received Import Request.
  Time since last request: 1.331804 seconds.
  path: Assets/Scenes/2D/Prefabs/Barriers/IcePillar.prefab
  artifactKey: Guid(3eae0b7b7a4c77744a4d54d8d46eaf1a) Importer(815301076,1909f56bfc062723c751e8b465ee728b)
Start importing Assets/Scenes/2D/Prefabs/Barriers/IcePillar.prefab using Guid(3eae0b7b7a4c77744a4d54d8d46eaf1a) Importer(815301076,1909f56bfc062723c751e8b465ee728b)  -> (artifact id: 'f4b655961ea98dde608d464fb4640c67') in 0.010699 seconds 
========================================================================
Received Import Request.
  Time since last request: 1.694530 seconds.
  path: Assets/Scenes/2D/Prefabs/Barriers/IcePillar.prefab
  artifactKey: Guid(3eae0b7b7a4c77744a4d54d8d46eaf1a) Importer(815301076,1909f56bfc062723c751e8b465ee728b)
Start importing Assets/Scenes/2D/Prefabs/Barriers/IcePillar.prefab using Guid(3eae0b7b7a4c77744a4d54d8d46eaf1a) Importer(815301076,1909f56bfc062723c751e8b465ee728b)  -> (artifact id: 'adf75edf0de4c52f8b75446d6f77463e') in 0.008340 seconds 
========================================================================
Received Import Request.
  Time since last request: 1.990495 seconds.
  path: Assets/Scenes/2D/Prefabs/Barriers/IcePillar.prefab
  artifactKey: Guid(3eae0b7b7a4c77744a4d54d8d46eaf1a) Importer(815301076,1909f56bfc062723c751e8b465ee728b)
Start importing Assets/Scenes/2D/Prefabs/Barriers/IcePillar.prefab using Guid(3eae0b7b7a4c77744a4d54d8d46eaf1a) Importer(815301076,1909f56bfc062723c751e8b465ee728b)  -> (artifact id: 'e2686fc762cc193c08e74120faf72675') in 0.009095 seconds 
========================================================================
Received Import Request.
  Time since last request: 1.852431 seconds.
  path: Assets/Scenes/2D/Prefabs/Barriers/IcePillar.prefab
  artifactKey: Guid(3eae0b7b7a4c77744a4d54d8d46eaf1a) Importer(815301076,1909f56bfc062723c751e8b465ee728b)
Start importing Assets/Scenes/2D/Prefabs/Barriers/IcePillar.prefab using Guid(3eae0b7b7a4c77744a4d54d8d46eaf1a) Importer(815301076,1909f56bfc062723c751e8b465ee728b)  -> (artifact id: 'd8eb6a903fb63d91f649a18298987a31') in 0.009844 seconds 
========================================================================
Received Import Request.
  Time since last request: 1.591680 seconds.
  path: Assets/Scenes/2D/Prefabs/Barriers/IcePillar.prefab
  artifactKey: Guid(3eae0b7b7a4c77744a4d54d8d46eaf1a) Importer(815301076,1909f56bfc062723c751e8b465ee728b)
Start importing Assets/Scenes/2D/Prefabs/Barriers/IcePillar.prefab using Guid(3eae0b7b7a4c77744a4d54d8d46eaf1a) Importer(815301076,1909f56bfc062723c751e8b465ee728b)  -> (artifact id: '0c41edd242bf3eadd64e3a0a695e946b') in 0.018657 seconds 
========================================================================
Received Import Request.
  Time since last request: 1.802361 seconds.
  path: Assets/Scenes/2D/Prefabs/Barriers/IcePillar.prefab
  artifactKey: Guid(3eae0b7b7a4c77744a4d54d8d46eaf1a) Importer(815301076,1909f56bfc062723c751e8b465ee728b)
Start importing Assets/Scenes/2D/Prefabs/Barriers/IcePillar.prefab using Guid(3eae0b7b7a4c77744a4d54d8d46eaf1a) Importer(815301076,1909f56bfc062723c751e8b465ee728b)  -> (artifact id: '48355a85c42eb0245ffd511bb9cef818') in 0.008183 seconds 
========================================================================
Received Import Request.
  Time since last request: 1.218247 seconds.
  path: Assets/Scenes/2D/Prefabs/Barriers/IcePillar.prefab
  artifactKey: Guid(3eae0b7b7a4c77744a4d54d8d46eaf1a) Importer(815301076,1909f56bfc062723c751e8b465ee728b)
Start importing Assets/Scenes/2D/Prefabs/Barriers/IcePillar.prefab using Guid(3eae0b7b7a4c77744a4d54d8d46eaf1a) Importer(815301076,1909f56bfc062723c751e8b465ee728b)  -> (artifact id: 'e58ce373f7cc62595948783604b7c51d') in 0.023238 seconds 
========================================================================
Received Import Request.
  Time since last request: 1.833354 seconds.
  path: Assets/Scenes/2D/Prefabs/Barriers/IcePillar.prefab
  artifactKey: Guid(3eae0b7b7a4c77744a4d54d8d46eaf1a) Importer(815301076,1909f56bfc062723c751e8b465ee728b)
Start importing Assets/Scenes/2D/Prefabs/Barriers/IcePillar.prefab using Guid(3eae0b7b7a4c77744a4d54d8d46eaf1a) Importer(815301076,1909f56bfc062723c751e8b465ee728b)  -> (artifact id: '51af4a45f57b050055d6e246decbcd70') in 0.016102 seconds 
========================================================================
Received Import Request.
  Time since last request: 0.814176 seconds.
  path: Assets/Scenes/2D/Prefabs/Barriers/IcePillar.prefab
  artifactKey: Guid(3eae0b7b7a4c77744a4d54d8d46eaf1a) Importer(815301076,1909f56bfc062723c751e8b465ee728b)
Start importing Assets/Scenes/2D/Prefabs/Barriers/IcePillar.prefab using Guid(3eae0b7b7a4c77744a4d54d8d46eaf1a) Importer(815301076,1909f56bfc062723c751e8b465ee728b)  -> (artifact id: '2fe71c8cfcda3758805a02d45ab71c9a') in 0.010580 seconds 
========================================================================
Received Import Request.
  Time since last request: 0.946563 seconds.
  path: Assets/Scenes/2D/Prefabs/Barriers/IcePillar.prefab
  artifactKey: Guid(3eae0b7b7a4c77744a4d54d8d46eaf1a) Importer(815301076,1909f56bfc062723c751e8b465ee728b)
Start importing Assets/Scenes/2D/Prefabs/Barriers/IcePillar.prefab using Guid(3eae0b7b7a4c77744a4d54d8d46eaf1a) Importer(815301076,1909f56bfc062723c751e8b465ee728b)  -> (artifact id: '72f9193488f244358ac778dd46b1ec65') in 0.013195 seconds 
========================================================================
Received Import Request.
  Time since last request: 1.150449 seconds.
  path: Assets/Scenes/2D/Prefabs/Barriers/IcePillar.prefab
  artifactKey: Guid(3eae0b7b7a4c77744a4d54d8d46eaf1a) Importer(815301076,1909f56bfc062723c751e8b465ee728b)
Start importing Assets/Scenes/2D/Prefabs/Barriers/IcePillar.prefab using Guid(3eae0b7b7a4c77744a4d54d8d46eaf1a) Importer(815301076,1909f56bfc062723c751e8b465ee728b)  -> (artifact id: '65b2e58a8ccb719c5788dedbb30d5721') in 0.008602 seconds 
========================================================================
Received Prepare
Registering precompiled user dll's ...
Registered in 0.002462 seconds.
Begin MonoManager ReloadAssembly
Native extension for LinuxStandalone target not found
Native extension for WindowsStandalone target not found
Native extension for AppleTV target not found
Native extension for iOS target not found
Native extension for Android target not found
Native extension for OSXStandalone target not found
Native extension for WebGL target not found
Refreshing native plugins compatible for Editor in 0.51 ms, found 3 plugins.
Preloading 0 native plugins for Editor in 0.00 ms.
Mono: successfully reloaded assembly
- Completed reload, in  1.347 seconds
Domain Reload Profiling:
	ReloadAssembly (1348ms)
		BeginReloadAssembly (174ms)
			ExecutionOrderSort (0ms)
			DisableScriptedObjects (9ms)
			BackupInstance (0ms)
			ReleaseScriptingObjects (0ms)
			CreateAndSetChildDomain (65ms)
		EndReloadAssembly (1054ms)
			LoadAssemblies (93ms)
			RebuildTransferFunctionScriptingTraits (0ms)
			SetupTypeCache (297ms)
				TypeCache.Initialize (292ms)
					TypeCache.ScanAssembly (288ms)
				ResolveRequiredComponents (5ms)
			ReleaseScriptCaches (1ms)
			RebuildScriptCaches (79ms)
			SetupLoadedEditorAssemblies (501ms)
				LogAssemblyErrors (0ms)
				InitializePlatformSupportModulesInManaged (43ms)
				SetLoadedEditorAssemblies (9ms)
				RefreshPlugins (1ms)
				BeforeProcessingInitializeOnLoad (71ms)
				ProcessInitializeOnLoadAttributes (321ms)
				ProcessInitializeOnLoadMethodAttributes (54ms)
				AfterProcessingInitializeOnLoad (1ms)
				EditorAssembliesLoaded (0ms)
			ExecutionOrderSort2 (0ms)
			AwakeInstancesAfterBackupRestoration (9ms)
Platform modules already initialized, skipping
Refreshing native plugins compatible for Editor in 1.56 ms, found 3 plugins.
Preloading 0 native plugins for Editor in 0.00 ms.
Unloading 2506 Unused Serialized files (Serialized files now loaded: 0)
Unloading 21 unused Assets / (23.4 KB). Loaded Objects now: 3010.
Memory consumption went from 0.53 GB to 0.53 GB.
Total: 5.185829 ms (FindLiveObjects: 0.290954 ms CreateObjectMapping: 0.280616 ms MarkObjects: 4.569242 ms  DeleteObjects: 0.043670 ms)

AssetImportParameters requested are different than current active one (requested -> active):
  custom:video-decoder-ogg-theora: a1e56fd34408186e4bbccfd4996cb3dc -> 
  custom:container-muxer-webm: aa71ff27fc2769a1b78a27578f13a17b -> 
  custom:container-demuxer-webm: 4f35f7cbe854078d1ac9338744f61a02 -> 
  custom:video-encoder-webm-vp8: eb34c28f22e8b96e1ab97ce403110664 -> 
  custom:framework-osx-AVFoundation: e770b220cccbd017edd2c1fefb359320 -> 
  custom:audio-encoder-webm-vorbis: bf7c407c2cedff20999df2af8eb42d56 -> 
  custom:container-demuxer-ogg: 62fdf1f143b41e24485cea50d1cbac27 -> 
  custom:video-decoder-webm-vp8: 9c59270c3fd7afecdb556c50c9e8de78 -> 
  custom:audio-decoder-ogg-vorbis: bf7c407c2cedff20999df2af8eb42d56 -> 
